<?xml version="1.0" encoding="UTF-8"?>
<!-- Generated by org.testng.reporters.JUnitXMLReporter -->
<testsuite hostname="DESKTOP-MRVJBNT" failures="2" tests="7" name="Test" time="1394.201" errors="0" timestamp="13 Jun 2025 10:47:32 GMT">
  <testcase classname="com.menumitratCommonAPITestScript.LoadOrderTestScripts" name="loadDineInOrder" time="0.465">
    <failure type="com.menumitra.utilityclass.customException" message="Exception in load Dine-In order test: Status code indicates failure - Received: 400">
      <![CDATA[com.menumitra.utilityclass.customException: Exception in load Dine-In order test: Status code indicates failure - Received: 400
	at com.menumitratCommonAPITestScript.LoadOrderTestScripts.loadDineInOrder(LoadOrderTestScripts.java:264)
... Removed 22 stack frames]]>
    </failure>
  </testcase> <!-- loadDineInOrder -->
  <testcase classname="com.menumitratCommonAPITestScript.LoadOrderTestScripts" name="loadDeliveryOrder" time="0.224"/>
  <testcase classname="com.menumitratCommonAPITestScript.LoadOrderTestScripts" name="loadTakeawayOrder" time="1.205"/>
  <testcase classname="com.menumitratCommonAPITestScript.LoadOrderTestScripts" name="loadParcelOrder" time="0.125">
    <failure type="org.testng.TestNGException" message="
The data provider is trying to pass 8 parameters but the method com.menumitratCommonAPITestScript.LoadOrderTestScripts#loadParcelOrder takes 0">
      <![CDATA[org.testng.TestNGException: 
The data provider is trying to pass 8 parameters but the method com.menumitratCommonAPITestScript.LoadOrderTestScripts#loadParcelOrder takes 0
... Removed 18 stack frames]]>
    </failure>
  </testcase> <!-- loadParcelOrder -->
  <testcase classname="com.menumitratCommonAPITestScript.LoadOrderTestScripts" name="loadTestMultipleOrders" time="1376.459"/>
  <testcase classname="com.menumitratCommonAPITestScript.OrderListViewCdskdsTestScript" name="orderListViewCdskdsNegativeTest" time="0.224"/>
  <testcase classname="com.menumitratCommonAPITestScript.OrderListViewCdskdsTestScript" name="orderListViewCdskdsTest" time="9.225"/>
</testsuite> <!-- Test -->
